Base path: C:/Program Files/Unity/Editor/Data
Cmd: initializeCompiler
Cmd: compileComputeKernel
  api=4 insize=18299 outsize=8545 ok=1
Cmd: compileComputeKernel
  api=4 insize=2867 outsize=353 ok=1
Cmd: compileComputeKernel
  api=4 insize=1806 outsize=1389 ok=1
Cmd: compileComputeKernel
  api=4 insize=1454 outsize=1461 ok=1
Cmd: initializeCompiler
Cmd: initializeCompiler
Cmd: compileSnippet
  api=4 type=0 insize=19657 outsize=2086 kw=UNITY_PASS_FORWARDBASE DIRECTIONAL SHADOWS_SCREEN VERTEXLIGHT_ON pd=UNITY_ENABLE_REFLECTION_BUFFERS UNITY_USE_DITHER_MASK_FOR_ALPHABLENDED_SHADOWS UNITY_PBS_USE_BRDF1 UNITY_SPECCUBE_BOX_PROJECTION UNITY_SPECCUBE_BLENDING UNITY_ENABLE_DETAIL_NORMALMAP SHADER_API_DESKTOP UNITY_COLORSPACE_GAMMA UNITY_LIGHT_PROBE_PROXY_VOLUME UNITY_LIGHTMAP_FULL_HDR ok=1
Cmd: disassembleShader
  api=4 insize=2086 outsize=3607 ok=1
Cmd: compileSnippet
  api=4 type=1 insize=19657 outsize=2382 kw=UNITY_PASS_FORWARDBASE DIRECTIONAL SHADOWS_SCREEN pd=UNITY_ENABLE_REFLECTION_BUFFERS UNITY_USE_DITHER_MASK_FOR_ALPHABLENDED_SHADOWS UNITY_PBS_USE_BRDF1 UNITY_SPECCUBE_BOX_PROJECTION UNITY_SPECCUBE_BLENDING UNITY_ENABLE_DETAIL_NORMALMAP SHADER_API_DESKTOP UNITY_COLORSPACE_GAMMA UNITY_LIGHT_PROBE_PROXY_VOLUME UNITY_LIGHTMAP_FULL_HDR ok=1
Cmd: disassembleShader
  api=4 insize=2382 outsize=4042 ok=1
Cmd: disassembleShader
  api=4 insize=2734 outsize=4563 ok=1
